<?xml version="1.0" encoding="UTF-8"?>
<!-- Generated by org.testng.reporters.JUnitReportReporter -->
<testsuite hostname="197NONB8000195" failures="0" tests="1" name="APITesting.PokeManApi" time="0.299" errors="0" timestamp="2024-02-02T17:51:13 IST" skipped="0">
  <testcase classname="APITesting.PokeManApi" name="testPokemonId" time="0.299"/>
</testsuite> <!-- APITesting.PokeManApi -->
